CRITICAL - 2024-03-11 02:24:18 --> ErrorException: Undefined variable $dados
in APPPATH\Views\resultados.php on line 12.
 1 APPPATH\Views\resultados.php(12): CodeIgniter\Debug\Exceptions->errorHandler(2, 'Undefined variable $dados', 'C:\\Users\\Alexsander\\Downloads\\codeigniter4-framework-v4.4.6-0-g7d393f8\\codeigniter\\app\\Views\\resultados.php', 12)
 2 SYSTEMPATH\View\View.php(228): include('C:\\Users\\Alexsander\\Downloads\\codeigniter4-framework-v4.4.6-0-g7d393f8\\codeigniter\\app\\Views\\resultados.php')
 3 SYSTEMPATH\View\View.php(231): CodeIgniter\View\View->CodeIgniter\View\{closure}()
 4 SYSTEMPATH\Common.php(1178): CodeIgniter\View\View->render('resultados', [], true)
 5 APPPATH\Controllers\Home.php(42): view('resultados', [...])
 6 SYSTEMPATH\CodeIgniter.php(941): App\Controllers\Home->processarFormulario()
 7 SYSTEMPATH\CodeIgniter.php(502): CodeIgniter\CodeIgniter->runController(Object(App\Controllers\Home))
 8 SYSTEMPATH\CodeIgniter.php(361): CodeIgniter\CodeIgniter->handleRequest(null, Object(Config\Cache), false)
 9 FCPATH\index.php(79): CodeIgniter\CodeIgniter->run()
10 SYSTEMPATH\Commands\Server\rewrite.php(47): require_once('C:\\Users\\Alexsander\\Downloads\\codeigniter4-framework-v4.4.6-0-g7d393f8\\codeigniter\\public\\index.php')
CRITICAL - 2024-03-11 02:25:06 --> ErrorException: Undefined variable $dados
in APPPATH\Views\resultados.php on line 12.
 1 APPPATH\Views\resultados.php(12): CodeIgniter\Debug\Exceptions->errorHandler(2, 'Undefined variable $dados', 'C:\\Users\\Alexsander\\Downloads\\codeigniter4-framework-v4.4.6-0-g7d393f8\\codeigniter\\app\\Views\\resultados.php', 12)
 2 SYSTEMPATH\View\View.php(228): include('C:\\Users\\Alexsander\\Downloads\\codeigniter4-framework-v4.4.6-0-g7d393f8\\codeigniter\\app\\Views\\resultados.php')
 3 SYSTEMPATH\View\View.php(231): CodeIgniter\View\View->CodeIgniter\View\{closure}()
 4 SYSTEMPATH\Common.php(1178): CodeIgniter\View\View->render('resultados', [], true)
 5 APPPATH\Controllers\Home.php(42): view('resultados', [...])
 6 SYSTEMPATH\CodeIgniter.php(941): App\Controllers\Home->processarFormulario()
 7 SYSTEMPATH\CodeIgniter.php(502): CodeIgniter\CodeIgniter->runController(Object(App\Controllers\Home))
 8 SYSTEMPATH\CodeIgniter.php(361): CodeIgniter\CodeIgniter->handleRequest(null, Object(Config\Cache), false)
 9 FCPATH\index.php(79): CodeIgniter\CodeIgniter->run()
10 SYSTEMPATH\Commands\Server\rewrite.php(47): require_once('C:\\Users\\Alexsander\\Downloads\\codeigniter4-framework-v4.4.6-0-g7d393f8\\codeigniter\\public\\index.php')
CRITICAL - 2024-03-11 02:25:09 --> ErrorException: Undefined variable $dados
in APPPATH\Views\resultados.php on line 12.
 1 APPPATH\Views\resultados.php(12): CodeIgniter\Debug\Exceptions->errorHandler(2, 'Undefined variable $dados', 'C:\\Users\\Alexsander\\Downloads\\codeigniter4-framework-v4.4.6-0-g7d393f8\\codeigniter\\app\\Views\\resultados.php', 12)
 2 SYSTEMPATH\View\View.php(228): include('C:\\Users\\Alexsander\\Downloads\\codeigniter4-framework-v4.4.6-0-g7d393f8\\codeigniter\\app\\Views\\resultados.php')
 3 SYSTEMPATH\View\View.php(231): CodeIgniter\View\View->CodeIgniter\View\{closure}()
 4 SYSTEMPATH\Common.php(1178): CodeIgniter\View\View->render('resultados', [], true)
 5 APPPATH\Controllers\Home.php(42): view('resultados', [...])
 6 SYSTEMPATH\CodeIgniter.php(941): App\Controllers\Home->processarFormulario()
 7 SYSTEMPATH\CodeIgniter.php(502): CodeIgniter\CodeIgniter->runController(Object(App\Controllers\Home))
 8 SYSTEMPATH\CodeIgniter.php(361): CodeIgniter\CodeIgniter->handleRequest(null, Object(Config\Cache), false)
 9 FCPATH\index.php(79): CodeIgniter\CodeIgniter->run()
10 SYSTEMPATH\Commands\Server\rewrite.php(47): require_once('C:\\Users\\Alexsander\\Downloads\\codeigniter4-framework-v4.4.6-0-g7d393f8\\codeigniter\\public\\index.php')
CRITICAL - 2024-03-11 02:25:14 --> ErrorException: Undefined variable $dados
in APPPATH\Views\resultados.php on line 12.
 1 APPPATH\Views\resultados.php(12): CodeIgniter\Debug\Exceptions->errorHandler(2, 'Undefined variable $dados', 'C:\\Users\\Alexsander\\Downloads\\codeigniter4-framework-v4.4.6-0-g7d393f8\\codeigniter\\app\\Views\\resultados.php', 12)
 2 SYSTEMPATH\View\View.php(228): include('C:\\Users\\Alexsander\\Downloads\\codeigniter4-framework-v4.4.6-0-g7d393f8\\codeigniter\\app\\Views\\resultados.php')
 3 SYSTEMPATH\View\View.php(231): CodeIgniter\View\View->CodeIgniter\View\{closure}()
 4 SYSTEMPATH\Common.php(1178): CodeIgniter\View\View->render('resultados', [], true)
 5 APPPATH\Controllers\Home.php(42): view('resultados', [...])
 6 SYSTEMPATH\CodeIgniter.php(941): App\Controllers\Home->processarFormulario()
 7 SYSTEMPATH\CodeIgniter.php(502): CodeIgniter\CodeIgniter->runController(Object(App\Controllers\Home))
 8 SYSTEMPATH\CodeIgniter.php(361): CodeIgniter\CodeIgniter->handleRequest(null, Object(Config\Cache), false)
 9 FCPATH\index.php(79): CodeIgniter\CodeIgniter->run()
10 SYSTEMPATH\Commands\Server\rewrite.php(47): require_once('C:\\Users\\Alexsander\\Downloads\\codeigniter4-framework-v4.4.6-0-g7d393f8\\codeigniter\\public\\index.php')
CRITICAL - 2024-03-11 02:27:10 --> ErrorException: Undefined variable $dados
in APPPATH\Views\welcome_message.php on line 102.
 1 APPPATH\Views\welcome_message.php(102): CodeIgniter\Debug\Exceptions->errorHandler(2, 'Undefined variable $dados', 'C:\\Users\\Alexsander\\Downloads\\codeigniter4-framework-v4.4.6-0-g7d393f8\\codeigniter\\app\\Views\\welcome_message.php', 102)
 2 SYSTEMPATH\View\View.php(228): include('C:\\Users\\Alexsander\\Downloads\\codeigniter4-framework-v4.4.6-0-g7d393f8\\codeigniter\\app\\Views\\welcome_message.php')
 3 SYSTEMPATH\View\View.php(231): CodeIgniter\View\View->CodeIgniter\View\{closure}()
 4 SYSTEMPATH\Common.php(1178): CodeIgniter\View\View->render('welcome_message', [], true)
 5 APPPATH\Controllers\Home.php(10): view('welcome_message')
 6 SYSTEMPATH\CodeIgniter.php(941): App\Controllers\Home->inicio()
 7 SYSTEMPATH\CodeIgniter.php(502): CodeIgniter\CodeIgniter->runController(Object(App\Controllers\Home))
 8 SYSTEMPATH\CodeIgniter.php(361): CodeIgniter\CodeIgniter->handleRequest(null, Object(Config\Cache), false)
 9 FCPATH\index.php(79): CodeIgniter\CodeIgniter->run()
10 SYSTEMPATH\Commands\Server\rewrite.php(47): require_once('C:\\Users\\Alexsander\\Downloads\\codeigniter4-framework-v4.4.6-0-g7d393f8\\codeigniter\\public\\index.php')
CRITICAL - 2024-03-11 02:27:13 --> ErrorException: Undefined variable $dados
in APPPATH\Views\welcome_message.php on line 102.
 1 APPPATH\Views\welcome_message.php(102): CodeIgniter\Debug\Exceptions->errorHandler(2, 'Undefined variable $dados', 'C:\\Users\\Alexsander\\Downloads\\codeigniter4-framework-v4.4.6-0-g7d393f8\\codeigniter\\app\\Views\\welcome_message.php', 102)
 2 SYSTEMPATH\View\View.php(228): include('C:\\Users\\Alexsander\\Downloads\\codeigniter4-framework-v4.4.6-0-g7d393f8\\codeigniter\\app\\Views\\welcome_message.php')
 3 SYSTEMPATH\View\View.php(231): CodeIgniter\View\View->CodeIgniter\View\{closure}()
 4 SYSTEMPATH\Common.php(1178): CodeIgniter\View\View->render('welcome_message', [], true)
 5 APPPATH\Controllers\Home.php(10): view('welcome_message')
 6 SYSTEMPATH\CodeIgniter.php(941): App\Controllers\Home->inicio()
 7 SYSTEMPATH\CodeIgniter.php(502): CodeIgniter\CodeIgniter->runController(Object(App\Controllers\Home))
 8 SYSTEMPATH\CodeIgniter.php(361): CodeIgniter\CodeIgniter->handleRequest(null, Object(Config\Cache), false)
 9 FCPATH\index.php(79): CodeIgniter\CodeIgniter->run()
10 SYSTEMPATH\Commands\Server\rewrite.php(47): require_once('C:\\Users\\Alexsander\\Downloads\\codeigniter4-framework-v4.4.6-0-g7d393f8\\codeigniter\\public\\index.php')
CRITICAL - 2024-03-11 02:28:09 --> CodeIgniter\HTTP\Exceptions\HTTPException: The route for "/resultados" cannot be found.
in SYSTEMPATH\HTTP\RedirectResponse.php on line 62.
 1 SYSTEMPATH\HTTP\RedirectResponse.php(62): CodeIgniter\HTTP\Exceptions\HTTPException::forInvalidRedirectRoute('/resultados')
 2 SYSTEMPATH\Common.php(864): CodeIgniter\HTTP\RedirectResponse->route(false)
 3 APPPATH\Controllers\Home.php(42): redirect('/resultados', [...])
 4 SYSTEMPATH\CodeIgniter.php(941): App\Controllers\Home->processarFormulario()
 5 SYSTEMPATH\CodeIgniter.php(502): CodeIgniter\CodeIgniter->runController(Object(App\Controllers\Home))
 6 SYSTEMPATH\CodeIgniter.php(361): CodeIgniter\CodeIgniter->handleRequest(null, Object(Config\Cache), false)
 7 FCPATH\index.php(79): CodeIgniter\CodeIgniter->run()
 8 SYSTEMPATH\Commands\Server\rewrite.php(47): require_once('C:\\Users\\Alexsander\\Downloads\\codeigniter4-framework-v4.4.6-0-g7d393f8\\codeigniter\\public\\index.php')
CRITICAL - 2024-03-11 02:35:07 --> ErrorException: Undefined variable $dados
in APPPATH\Views\resultados.php on line 2.
 1 APPPATH\Views\resultados.php(2): CodeIgniter\Debug\Exceptions->errorHandler(2, 'Undefined variable $dados', 'C:\\Users\\Alexsander\\Downloads\\codeigniter4-framework-v4.4.6-0-g7d393f8\\codeigniter\\app\\Views\\resultados.php', 2)
 2 SYSTEMPATH\View\View.php(228): include('C:\\Users\\Alexsander\\Downloads\\codeigniter4-framework-v4.4.6-0-g7d393f8\\codeigniter\\app\\Views\\resultados.php')
 3 SYSTEMPATH\View\View.php(231): CodeIgniter\View\View->CodeIgniter\View\{closure}()
 4 SYSTEMPATH\Common.php(1178): CodeIgniter\View\View->render('resultados', [], true)
 5 APPPATH\Controllers\Home.php(42): view('resultados', [...])
 6 SYSTEMPATH\CodeIgniter.php(941): App\Controllers\Home->processarFormulario()
 7 SYSTEMPATH\CodeIgniter.php(502): CodeIgniter\CodeIgniter->runController(Object(App\Controllers\Home))
 8 SYSTEMPATH\CodeIgniter.php(361): CodeIgniter\CodeIgniter->handleRequest(null, Object(Config\Cache), false)
 9 FCPATH\index.php(79): CodeIgniter\CodeIgniter->run()
10 SYSTEMPATH\Commands\Server\rewrite.php(47): require_once('C:\\Users\\Alexsander\\Downloads\\codeigniter4-framework-v4.4.6-0-g7d393f8\\codeigniter\\public\\index.php')
CRITICAL - 2024-03-11 02:35:37 --> ErrorException: Undefined property: CodeIgniter\View\View::$dados
in APPPATH\Views\resultados.php on line 2.
 1 APPPATH\Views\resultados.php(2): CodeIgniter\Debug\Exceptions->errorHandler(2, 'Undefined property: CodeIgniter\\View\\View::$dados', 'C:\\Users\\Alexsander\\Downloads\\codeigniter4-framework-v4.4.6-0-g7d393f8\\codeigniter\\app\\Views\\resultados.php', 2)
 2 SYSTEMPATH\View\View.php(228): include('C:\\Users\\Alexsander\\Downloads\\codeigniter4-framework-v4.4.6-0-g7d393f8\\codeigniter\\app\\Views\\resultados.php')
 3 SYSTEMPATH\View\View.php(231): CodeIgniter\View\View->CodeIgniter\View\{closure}()
 4 SYSTEMPATH\Common.php(1178): CodeIgniter\View\View->render('resultados', [], true)
 5 APPPATH\Controllers\Home.php(42): view('resultados', [...])
 6 SYSTEMPATH\CodeIgniter.php(941): App\Controllers\Home->processarFormulario()
 7 SYSTEMPATH\CodeIgniter.php(502): CodeIgniter\CodeIgniter->runController(Object(App\Controllers\Home))
 8 SYSTEMPATH\CodeIgniter.php(361): CodeIgniter\CodeIgniter->handleRequest(null, Object(Config\Cache), false)
 9 FCPATH\index.php(79): CodeIgniter\CodeIgniter->run()
10 SYSTEMPATH\Commands\Server\rewrite.php(47): require_once('C:\\Users\\Alexsander\\Downloads\\codeigniter4-framework-v4.4.6-0-g7d393f8\\codeigniter\\public\\index.php')
CRITICAL - 2024-03-11 02:36:05 --> ErrorException: Array to string conversion
in APPPATH\Views\resultados.php on line 2.
 1 APPPATH\Views\resultados.php(2): CodeIgniter\Debug\Exceptions->errorHandler(2, 'Array to string conversion', 'C:\\Users\\Alexsander\\Downloads\\codeigniter4-framework-v4.4.6-0-g7d393f8\\codeigniter\\app\\Views\\resultados.php', 2)
 2 SYSTEMPATH\View\View.php(228): include('C:\\Users\\Alexsander\\Downloads\\codeigniter4-framework-v4.4.6-0-g7d393f8\\codeigniter\\app\\Views\\resultados.php')
 3 SYSTEMPATH\View\View.php(231): CodeIgniter\View\View->CodeIgniter\View\{closure}()
 4 SYSTEMPATH\Common.php(1178): CodeIgniter\View\View->render('resultados', [], true)
 5 APPPATH\Controllers\Home.php(42): view('resultados', [...])
 6 SYSTEMPATH\CodeIgniter.php(941): App\Controllers\Home->processarFormulario()
 7 SYSTEMPATH\CodeIgniter.php(502): CodeIgniter\CodeIgniter->runController(Object(App\Controllers\Home))
 8 SYSTEMPATH\CodeIgniter.php(361): CodeIgniter\CodeIgniter->handleRequest(null, Object(Config\Cache), false)
 9 FCPATH\index.php(79): CodeIgniter\CodeIgniter->run()
10 SYSTEMPATH\Commands\Server\rewrite.php(47): require_once('C:\\Users\\Alexsander\\Downloads\\codeigniter4-framework-v4.4.6-0-g7d393f8\\codeigniter\\public\\index.php')
CRITICAL - 2024-03-11 02:36:25 --> ErrorException: Array to string conversion
in APPPATH\Views\resultados.php on line 2.
 1 APPPATH\Views\resultados.php(2): CodeIgniter\Debug\Exceptions->errorHandler(2, 'Array to string conversion', 'C:\\Users\\Alexsander\\Downloads\\codeigniter4-framework-v4.4.6-0-g7d393f8\\codeigniter\\app\\Views\\resultados.php', 2)
 2 SYSTEMPATH\View\View.php(228): include('C:\\Users\\Alexsander\\Downloads\\codeigniter4-framework-v4.4.6-0-g7d393f8\\codeigniter\\app\\Views\\resultados.php')
 3 SYSTEMPATH\View\View.php(231): CodeIgniter\View\View->CodeIgniter\View\{closure}()
 4 SYSTEMPATH\Common.php(1178): CodeIgniter\View\View->render('resultados', [], true)
 5 APPPATH\Controllers\Home.php(42): view('resultados', [...])
 6 SYSTEMPATH\CodeIgniter.php(941): App\Controllers\Home->processarFormulario()
 7 SYSTEMPATH\CodeIgniter.php(502): CodeIgniter\CodeIgniter->runController(Object(App\Controllers\Home))
 8 SYSTEMPATH\CodeIgniter.php(361): CodeIgniter\CodeIgniter->handleRequest(null, Object(Config\Cache), false)
 9 FCPATH\index.php(79): CodeIgniter\CodeIgniter->run()
10 SYSTEMPATH\Commands\Server\rewrite.php(47): require_once('C:\\Users\\Alexsander\\Downloads\\codeigniter4-framework-v4.4.6-0-g7d393f8\\codeigniter\\public\\index.php')
CRITICAL - 2024-03-11 02:38:31 --> ErrorException: Undefined variable $dados
in APPPATH\Views\resultados.php on line 12.
 1 APPPATH\Views\resultados.php(12): CodeIgniter\Debug\Exceptions->errorHandler(2, 'Undefined variable $dados', 'C:\\Users\\Alexsander\\Downloads\\codeigniter4-framework-v4.4.6-0-g7d393f8\\codeigniter\\app\\Views\\resultados.php', 12)
 2 SYSTEMPATH\View\View.php(228): include('C:\\Users\\Alexsander\\Downloads\\codeigniter4-framework-v4.4.6-0-g7d393f8\\codeigniter\\app\\Views\\resultados.php')
 3 SYSTEMPATH\View\View.php(231): CodeIgniter\View\View->CodeIgniter\View\{closure}()
 4 SYSTEMPATH\Common.php(1178): CodeIgniter\View\View->render('resultados', [], true)
 5 APPPATH\Controllers\Home.php(42): view('resultados', [...])
 6 SYSTEMPATH\CodeIgniter.php(941): App\Controllers\Home->processarFormulario()
 7 SYSTEMPATH\CodeIgniter.php(502): CodeIgniter\CodeIgniter->runController(Object(App\Controllers\Home))
 8 SYSTEMPATH\CodeIgniter.php(361): CodeIgniter\CodeIgniter->handleRequest(null, Object(Config\Cache), false)
 9 FCPATH\index.php(79): CodeIgniter\CodeIgniter->run()
10 SYSTEMPATH\Commands\Server\rewrite.php(47): require_once('C:\\Users\\Alexsander\\Downloads\\codeigniter4-framework-v4.4.6-0-g7d393f8\\codeigniter\\public\\index.php')
CRITICAL - 2024-03-11 02:38:41 --> ErrorException: Undefined variable $dados
in APPPATH\Views\resultados.php on line 12.
 1 APPPATH\Views\resultados.php(12): CodeIgniter\Debug\Exceptions->errorHandler(2, 'Undefined variable $dados', 'C:\\Users\\Alexsander\\Downloads\\codeigniter4-framework-v4.4.6-0-g7d393f8\\codeigniter\\app\\Views\\resultados.php', 12)
 2 SYSTEMPATH\View\View.php(228): include('C:\\Users\\Alexsander\\Downloads\\codeigniter4-framework-v4.4.6-0-g7d393f8\\codeigniter\\app\\Views\\resultados.php')
 3 SYSTEMPATH\View\View.php(231): CodeIgniter\View\View->CodeIgniter\View\{closure}()
 4 SYSTEMPATH\Common.php(1178): CodeIgniter\View\View->render('resultados', [], true)
 5 APPPATH\Controllers\Home.php(42): view('resultados', [...])
 6 SYSTEMPATH\CodeIgniter.php(941): App\Controllers\Home->processarFormulario()
 7 SYSTEMPATH\CodeIgniter.php(502): CodeIgniter\CodeIgniter->runController(Object(App\Controllers\Home))
 8 SYSTEMPATH\CodeIgniter.php(361): CodeIgniter\CodeIgniter->handleRequest(null, Object(Config\Cache), false)
 9 FCPATH\index.php(79): CodeIgniter\CodeIgniter->run()
10 SYSTEMPATH\Commands\Server\rewrite.php(47): require_once('C:\\Users\\Alexsander\\Downloads\\codeigniter4-framework-v4.4.6-0-g7d393f8\\codeigniter\\public\\index.php')
CRITICAL - 2024-03-11 02:39:53 --> ErrorException: Undefined variable $dados
in APPPATH\Views\resultados.php on line 12.
 1 APPPATH\Views\resultados.php(12): CodeIgniter\Debug\Exceptions->errorHandler(2, 'Undefined variable $dados', 'C:\\Users\\Alexsander\\Downloads\\codeigniter4-framework-v4.4.6-0-g7d393f8\\codeigniter\\app\\Views\\resultados.php', 12)
 2 SYSTEMPATH\View\View.php(228): include('C:\\Users\\Alexsander\\Downloads\\codeigniter4-framework-v4.4.6-0-g7d393f8\\codeigniter\\app\\Views\\resultados.php')
 3 SYSTEMPATH\View\View.php(231): CodeIgniter\View\View->CodeIgniter\View\{closure}()
 4 SYSTEMPATH\Common.php(1178): CodeIgniter\View\View->render('resultados', [], true)
 5 APPPATH\Controllers\Home.php(42): view('resultados', [...])
 6 SYSTEMPATH\CodeIgniter.php(941): App\Controllers\Home->processarFormulario()
 7 SYSTEMPATH\CodeIgniter.php(502): CodeIgniter\CodeIgniter->runController(Object(App\Controllers\Home))
 8 SYSTEMPATH\CodeIgniter.php(361): CodeIgniter\CodeIgniter->handleRequest(null, Object(Config\Cache), false)
 9 FCPATH\index.php(79): CodeIgniter\CodeIgniter->run()
10 SYSTEMPATH\Commands\Server\rewrite.php(47): require_once('C:\\Users\\Alexsander\\Downloads\\codeigniter4-framework-v4.4.6-0-g7d393f8\\codeigniter\\public\\index.php')
CRITICAL - 2024-03-11 02:40:02 --> ErrorException: Undefined variable $dados
in APPPATH\Views\resultados.php on line 12.
 1 APPPATH\Views\resultados.php(12): CodeIgniter\Debug\Exceptions->errorHandler(2, 'Undefined variable $dados', 'C:\\Users\\Alexsander\\Downloads\\codeigniter4-framework-v4.4.6-0-g7d393f8\\codeigniter\\app\\Views\\resultados.php', 12)
 2 SYSTEMPATH\View\View.php(228): include('C:\\Users\\Alexsander\\Downloads\\codeigniter4-framework-v4.4.6-0-g7d393f8\\codeigniter\\app\\Views\\resultados.php')
 3 SYSTEMPATH\View\View.php(231): CodeIgniter\View\View->CodeIgniter\View\{closure}()
 4 SYSTEMPATH\Common.php(1178): CodeIgniter\View\View->render('resultados', [], true)
 5 APPPATH\Controllers\Home.php(42): view('resultados', [...])
 6 SYSTEMPATH\CodeIgniter.php(941): App\Controllers\Home->processarFormulario()
 7 SYSTEMPATH\CodeIgniter.php(502): CodeIgniter\CodeIgniter->runController(Object(App\Controllers\Home))
 8 SYSTEMPATH\CodeIgniter.php(361): CodeIgniter\CodeIgniter->handleRequest(null, Object(Config\Cache), false)
 9 FCPATH\index.php(79): CodeIgniter\CodeIgniter->run()
10 SYSTEMPATH\Commands\Server\rewrite.php(47): require_once('C:\\Users\\Alexsander\\Downloads\\codeigniter4-framework-v4.4.6-0-g7d393f8\\codeigniter\\public\\index.php')
CRITICAL - 2024-03-11 02:42:26 --> ErrorException: Undefined variable $dados
in APPPATH\Views\resultados.php on line 12.
 1 APPPATH\Views\resultados.php(12): CodeIgniter\Debug\Exceptions->errorHandler(2, 'Undefined variable $dados', 'C:\\Users\\Alexsander\\Downloads\\codeigniter4-framework-v4.4.6-0-g7d393f8\\codeigniter\\app\\Views\\resultados.php', 12)
 2 SYSTEMPATH\View\View.php(228): include('C:\\Users\\Alexsander\\Downloads\\codeigniter4-framework-v4.4.6-0-g7d393f8\\codeigniter\\app\\Views\\resultados.php')
 3 SYSTEMPATH\View\View.php(231): CodeIgniter\View\View->CodeIgniter\View\{closure}()
 4 SYSTEMPATH\Common.php(1178): CodeIgniter\View\View->render('resultados', [], true)
 5 APPPATH\Controllers\Home.php(42): view('resultados', [...])
 6 SYSTEMPATH\CodeIgniter.php(941): App\Controllers\Home->processarFormulario()
 7 SYSTEMPATH\CodeIgniter.php(502): CodeIgniter\CodeIgniter->runController(Object(App\Controllers\Home))
 8 SYSTEMPATH\CodeIgniter.php(361): CodeIgniter\CodeIgniter->handleRequest(null, Object(Config\Cache), false)
 9 FCPATH\index.php(79): CodeIgniter\CodeIgniter->run()
10 SYSTEMPATH\Commands\Server\rewrite.php(47): require_once('C:\\Users\\Alexsander\\Downloads\\codeigniter4-framework-v4.4.6-0-g7d393f8\\codeigniter\\public\\index.php')
CRITICAL - 2024-03-11 22:31:09 --> TypeError: Unsupported operand types: string - int
in APPPATH\Controllers\Home.php on line 24.
 1 SYSTEMPATH\CodeIgniter.php(941): App\Controllers\Home->processarFormulario()
 2 SYSTEMPATH\CodeIgniter.php(502): CodeIgniter\CodeIgniter->runController(Object(App\Controllers\Home))
 3 SYSTEMPATH\CodeIgniter.php(361): CodeIgniter\CodeIgniter->handleRequest(null, Object(Config\Cache), false)
 4 FCPATH\index.php(79): CodeIgniter\CodeIgniter->run()
 5 SYSTEMPATH\Commands\Server\rewrite.php(47): require_once('C:\\Users\\Alexsander\\Downloads\\codeigniter4-framework-v4.4.6-0-g7d393f8\\codeigniter\\public\\index.php')
